/tmp/tmp2hqo_2bm/ffc_form_81bae251436be6cd810560265aa4f44f61241d89.cpp: In member function 'virtual void ffc_form_81bae251436be6cd810560265aa4f44f61241d89_cell_integral_main_otherwise::tabulate_tensor(double*, const double* const*, const double*, int) const':
/tmp/tmp2hqo_2bm/ffc_form_81bae251436be6cd810560265aa4f44f61241d89.cpp:101:18: error: redeclaration of 'const double J_c0'
     const double J_c0 = coordinate_dofs[0] * FE19_C0_D01_Q1[0][0][0] + coordinate_dofs[2] * FE19_C0_D01_Q1[0][0][1];
                  ^~~~
/tmp/tmp2hqo_2bm/ffc_form_81bae251436be6cd810560265aa4f44f61241d89.cpp:90:18: note: 'const double J_c0' previously declared here
     const double J_c0 = coordinate_dofs[0] * FE19_C0_D01_Q1[0][0][0] + coordinate_dofs[2] * FE19_C0_D01_Q1[0][0][1];
                  ^~~~
/tmp/tmp2hqo_2bm/ffc_form_81bae251436be6cd810560265aa4f44f61241d89.cpp:102:18: error: redeclaration of 'const double J_c3'
     const double J_c3 = coordinate_dofs[1] * FE19_C0_D01_Q1[0][0][0] + coordinate_dofs[5] * FE19_C0_D01_Q1[0][0][1];
                  ^~~~
/tmp/tmp2hqo_2bm/ffc_form_81bae251436be6cd810560265aa4f44f61241d89.cpp:91:18: note: 'const double J_c3' previously declared here
     const double J_c3 = coordinate_dofs[1] * FE19_C0_D01_Q1[0][0][0] + coordinate_dofs[5] * FE19_C0_D01_Q1[0][0][1];
                  ^~~~
/tmp/tmp2hqo_2bm/ffc_form_81bae251436be6cd810560265aa4f44f61241d89.cpp:103:18: error: redeclaration of 'const double J_c1'
     const double J_c1 = coordinate_dofs[0] * FE19_C0_D01_Q1[0][0][0] + coordinate_dofs[4] * FE19_C0_D01_Q1[0][0][1];
                  ^~~~
/tmp/tmp2hqo_2bm/ffc_form_81bae251436be6cd810560265aa4f44f61241d89.cpp:92:18: note: 'const double J_c1' previously declared here
     const double J_c1 = coordinate_dofs[0] * FE19_C0_D01_Q1[0][0][0] + coordinate_dofs[4] * FE19_C0_D01_Q1[0][0][1];
                  ^~~~
/tmp/tmp2hqo_2bm/ffc_form_81bae251436be6cd810560265aa4f44f61241d89.cpp:104:18: error: redeclaration of 'const double J_c2'
     const double J_c2 = coordinate_dofs[1] * FE19_C0_D01_Q1[0][0][0] + coordinate_dofs[3] * FE19_C0_D01_Q1[0][0][1];
                  ^~~~
/tmp/tmp2hqo_2bm/ffc_form_81bae251436be6cd810560265aa4f44f61241d89.cpp:93:18: note: 'const double J_c2' previously declared here
     const double J_c2 = coordinate_dofs[1] * FE19_C0_D01_Q1[0][0][0] + coordinate_dofs[3] * FE19_C0_D01_Q1[0][0][1];
                  ^~~~
